<?xml version="1.0" encoding="UTF-8"?>
<testng-results total="4" passed="4" failed="0" skipped="0">
  <reporter-output>
  </reporter-output>
  <suite started-at="2022-11-20T08:51:07Z" name="Suite" finished-at="2022-11-20T08:51:49Z" duration-ms="41599">
    <groups>
    </groups>
    <test started-at="2022-11-20T08:51:07Z" name="Validating User login" finished-at="2022-11-20T08:51:28Z" duration-ms="21093">
      <class name="Academy.HomePage">
        <test-method is-config="true" signature="initialize()[pri:0, instance:Academy.HomePage@7ec3394b]" started-at="2022-11-20T14:21:07Z" name="initialize" finished-at="2022-11-20T14:21:11Z" duration-ms="3437" status="PASS">
          <reporter-output>
          </reporter-output>
        </test-method> <!-- initialize -->
        <test-method signature="basePageNavigation(java.lang.String, java.lang.String, java.lang.String)[pri:0, instance:Academy.HomePage@7ec3394b]" started-at="2022-11-20T14:21:11Z" name="basePageNavigation" data-provider="getData" finished-at="2022-11-20T14:21:26Z" duration-ms="14899" status="PASS">
          <params>
            <param index="0">
              <value>
                <![CDATA[nonrestricteduser@qw.com]]>
              </value>
            </param>
            <param index="1">
              <value>
                <![CDATA[123456]]>
              </value>
            </param>
            <param index="2">
              <value>
                <![CDATA[Restrcited User]]>
              </value>
            </param>
          </params>
          <reporter-output>
          </reporter-output>
        </test-method> <!-- basePageNavigation -->
        <test-method signature="basePageNavigation(java.lang.String, java.lang.String, java.lang.String)[pri:0, instance:Academy.HomePage@7ec3394b]" started-at="2022-11-20T14:21:26Z" name="basePageNavigation" data-provider="getData" finished-at="2022-11-20T14:21:28Z" duration-ms="2436" status="PASS">
          <params>
            <param index="0">
              <value>
                <![CDATA[restricteduser@qw.com]]>
              </value>
            </param>
            <param index="1">
              <value>
                <![CDATA[456788]]>
              </value>
            </param>
            <param index="2">
              <value>
                <![CDATA[Non restricted user]]>
              </value>
            </param>
          </params>
          <reporter-output>
          </reporter-output>
        </test-method> <!-- basePageNavigation -->
        <test-method is-config="true" signature="teardown()[pri:0, instance:Academy.HomePage@7ec3394b]" started-at="2022-11-20T14:21:28Z" name="teardown" finished-at="2022-11-20T14:21:28Z" duration-ms="301" status="PASS">
          <reporter-output>
          </reporter-output>
        </test-method> <!-- teardown -->
      </class> <!-- Academy.HomePage -->
    </test> <!-- Validating User login -->
    <test started-at="2022-11-20T08:51:28Z" name="Validating title in the Page" finished-at="2022-11-20T08:51:38Z" duration-ms="9695">
      <class name="Academy.validateTitle">
        <test-method is-config="true" signature="initialize()[pri:0, instance:Academy.validateTitle@7e22550a]" started-at="2022-11-20T14:21:28Z" name="initialize" finished-at="2022-11-20T14:21:38Z" duration-ms="9071" status="PASS">
          <reporter-output>
          </reporter-output>
        </test-method> <!-- initialize -->
        <test-method signature="validateAppTitle()[pri:0, instance:Academy.validateTitle@7e22550a]" started-at="2022-11-20T14:21:38Z" name="validateAppTitle" finished-at="2022-11-20T14:21:38Z" duration-ms="73" status="PASS">
          <reporter-output>
          </reporter-output>
        </test-method> <!-- validateAppTitle -->
        <test-method is-config="true" signature="teardown()[pri:0, instance:Academy.validateTitle@7e22550a]" started-at="2022-11-20T14:21:38Z" name="teardown" finished-at="2022-11-20T14:21:38Z" duration-ms="550" status="PASS">
          <reporter-output>
          </reporter-output>
        </test-method> <!-- teardown -->
      </class> <!-- Academy.validateTitle -->
    </test> <!-- Validating title in the Page -->
    <test started-at="2022-11-20T08:51:38Z" name="App Testing" finished-at="2022-11-20T08:51:38Z" duration-ms="0">
    </test> <!-- App Testing -->
    <test started-at="2022-11-20T08:51:38Z" name="Validating navigation Bar" finished-at="2022-11-20T08:51:49Z" duration-ms="10681">
      <class name="Academy.validateNavigationBar">
        <test-method is-config="true" signature="initialize()[pri:0, instance:Academy.validateNavigationBar@57fd91c9]" started-at="2022-11-20T14:21:38Z" name="initialize" finished-at="2022-11-20T14:21:48Z" duration-ms="10183" status="PASS">
          <reporter-output>
          </reporter-output>
        </test-method> <!-- initialize -->
        <test-method signature="validateAppNavBar()[pri:0, instance:Academy.validateNavigationBar@57fd91c9]" started-at="2022-11-20T14:21:48Z" name="validateAppNavBar" finished-at="2022-11-20T14:21:49Z" duration-ms="136" status="PASS">
          <reporter-output>
          </reporter-output>
        </test-method> <!-- validateAppNavBar -->
        <test-method is-config="true" signature="teardown()[pri:0, instance:Academy.validateNavigationBar@57fd91c9]" started-at="2022-11-20T14:21:49Z" name="teardown" finished-at="2022-11-20T14:21:49Z" duration-ms="360" status="PASS">
          <reporter-output>
          </reporter-output>
        </test-method> <!-- teardown -->
      </class> <!-- Academy.validateNavigationBar -->
    </test> <!-- Validating navigation Bar -->
  </suite> <!-- Suite -->
</testng-results>
